This is pdfTeX, Version 3.1415926-1.40.10 (MiKTeX 2.8) (preloaded format=pdflatex 2010.2.7)  27 SEP 2010 12:14
entering extended mode
**C:/Users/olive/Desktop/DTU/02585_Computational_Geometry_Processing/assignment
s/delaunay/doc/delaunay.tex

(C:/Users/olive/Desktop/DTU/02585_Computational_Geometry_Processing/assignments
/delaunay/doc/delaunay.tex
LaTeX2e <2005/12/01>
Babel <v3.8l> and hyphenation patterns for english, dumylang, nohyphenation, ge
rman, ngerman, german-x-2009-06-19, ngerman-x-2009-06-19, french, loaded.
("C:\Program Files\MiKTeX 2.8\tex\latex\base\article.cls"
Document Class: article 2005/09/16 v1.4f Standard LaTeX document class
("C:\Program Files\MiKTeX 2.8\tex\latex\base\size11.clo"
File: size11.clo 2005/09/16 v1.4f Standard LaTeX file (size option)
)
\c@part=\count79
\c@section=\count80
\c@subsection=\count81
\c@subsubsection=\count82
\c@paragraph=\count83
\c@subparagraph=\count84
\c@figure=\count85
\c@table=\count86
\abovecaptionskip=\skip41
\belowcaptionskip=\skip42
\bibindent=\dimen102
)
(C:\Users\olive\Desktop\DTU\02585_Computational_Geometry_Processing\assignments
\delaunay\doc\default_packages.sty
("C:\Program Files\MiKTeX 2.8\tex\latex\base\inputenc.sty"
Package: inputenc 2006/05/05 v1.1b Input encoding file
\inpenc@prehook=\toks14
\inpenc@posthook=\toks15

("C:\Program Files\MiKTeX 2.8\tex\latex\base\latin1.def"
File: latin1.def 2006/05/05 v1.1b Input encoding file
))
("C:\Program Files\MiKTeX 2.8\tex\generic\babel\babel.sty"
Package: babel 2008/07/06 v3.8l The Babel package

*************************************
* Local config file bblopts.cfg used
*
("C:\Program Files\MiKTeX 2.8\tex\latex\00miktex\bblopts.cfg"
File: bblopts.cfg 2006/07/31 v1.0 MiKTeX 'babel' configuration
)
("C:\Program Files\MiKTeX 2.8\tex\generic\babel\english.ldf"
Language: english 2005/03/30 v3.3o English support from the babel system

("C:\Program Files\MiKTeX 2.8\tex\generic\babel\babel.def"
File: babel.def 2008/07/06 v3.8l Babel common definitions
\babel@savecnt=\count87
\U@D=\dimen103
)
\l@canadian = a dialect from \language\l@american 
\l@australian = a dialect from \language\l@british 
\l@newzealand = a dialect from \language\l@british 
))
("C:\Program Files\MiKTeX 2.8\tex\latex\base\fontenc.sty"
Package: fontenc 2005/09/27 v1.99g Standard LaTeX package

("C:\Program Files\MiKTeX 2.8\tex\latex\base\t1enc.def"
File: t1enc.def 2005/09/27 v1.99g Standard LaTeX file
LaTeX Font Info:    Redeclaring font encoding T1 on input line 43.
))
("C:\Program Files\MiKTeX 2.8\tex\latex\graphics\graphicx.sty"
Package: graphicx 1999/02/16 v1.0f Enhanced LaTeX Graphics (DPC,SPQR)

("C:\Program Files\MiKTeX 2.8\tex\latex\graphics\keyval.sty"
Package: keyval 1999/03/16 v1.13 key=value parser (DPC)
\KV@toks@=\toks16
)
("C:\Program Files\MiKTeX 2.8\tex\latex\graphics\graphics.sty"
Package: graphics 2006/02/20 v1.0o Standard LaTeX Graphics (DPC,SPQR)

("C:\Program Files\MiKTeX 2.8\tex\latex\graphics\trig.sty"
Package: trig 1999/03/16 v1.09 sin cos tan (DPC)
)
("C:\Program Files\MiKTeX 2.8\tex\latex\00miktex\graphics.cfg"
File: graphics.cfg 2007/01/18 v1.5 graphics configuration of teTeX/TeXLive
)
Package graphics Info: Driver file: pdftex.def on input line 90.

("C:\Program Files\MiKTeX 2.8\tex\latex\pdftex-def\pdftex.def"
File: pdftex.def 2009/08/25 v0.04m Graphics/color for pdfTeX
\Gread@gobject=\count88
))
\Gin@req@height=\dimen104
\Gin@req@width=\dimen105
)
("C:\Program Files\MiKTeX 2.8\tex\latex\placeins\placeins.sty"
Package: placeins 2005/04/18  v 2.2
)
("C:\Program Files\MiKTeX 2.8\tex\latex\wrapfig\wrapfig.sty"
\wrapoverhang=\dimen106
\WF@size=\dimen107
\c@WF@wrappedlines=\count89
\WF@box=\box26
\WF@everypar=\toks17
Package: wrapfig 2003/01/31  v 3.6
)
("C:\Program Files\MiKTeX 2.8\tex\latex\ams\math\amsmath.sty"
Package: amsmath 2000/07/18 v2.13 AMS math features
\@mathmargin=\skip43

For additional information on amsmath, use the `?' option.
("C:\Program Files\MiKTeX 2.8\tex\latex\ams\math\amstext.sty"
Package: amstext 2000/06/29 v2.01

("C:\Program Files\MiKTeX 2.8\tex\latex\ams\math\amsgen.sty"
File: amsgen.sty 1999/11/30 v2.0
\@emptytoks=\toks18
\ex@=\dimen108
))
("C:\Program Files\MiKTeX 2.8\tex\latex\ams\math\amsbsy.sty"
Package: amsbsy 1999/11/29 v1.2d
\pmbraise@=\dimen109
)
("C:\Program Files\MiKTeX 2.8\tex\latex\ams\math\amsopn.sty"
Package: amsopn 1999/12/14 v2.01 operator names
)
\inf@bad=\count90
LaTeX Info: Redefining \frac on input line 211.
\uproot@=\count91
\leftroot@=\count92
LaTeX Info: Redefining \overline on input line 307.
\classnum@=\count93
\DOTSCASE@=\count94
LaTeX Info: Redefining \ldots on input line 379.
LaTeX Info: Redefining \dots on input line 382.
LaTeX Info: Redefining \cdots on input line 467.
\Mathstrutbox@=\box27
\strutbox@=\box28
\big@size=\dimen110
LaTeX Font Info:    Redeclaring font encoding OML on input line 567.
LaTeX Font Info:    Redeclaring font encoding OMS on input line 568.
\macc@depth=\count95
\c@MaxMatrixCols=\count96
\dotsspace@=\muskip10
\c@parentequation=\count97
\dspbrk@lvl=\count98
\tag@help=\toks19
\row@=\count99
\column@=\count100
\maxfields@=\count101
\andhelp@=\toks20
\eqnshift@=\dimen111
\alignsep@=\dimen112
\tagshift@=\dimen113
\tagwidth@=\dimen114
\totwidth@=\dimen115
\lineht@=\dimen116
\@envbody=\toks21
\multlinegap=\skip44
\multlinetaggap=\skip45
\mathdisplay@stack=\toks22
LaTeX Info: Redefining \[ on input line 2666.
LaTeX Info: Redefining \] on input line 2667.
)
("C:\Program Files\MiKTeX 2.8\tex\latex\amsfonts\amssymb.sty"
Package: amssymb 2009/06/22 v3.00

("C:\Program Files\MiKTeX 2.8\tex\latex\amsfonts\amsfonts.sty"
Package: amsfonts 2009/06/22 v3.00 Basic AMSFonts support
\symAMSa=\mathgroup4
\symAMSb=\mathgroup5
LaTeX Font Info:    Overwriting math alphabet `\mathfrak' in version `bold'
(Font)                  U/euf/m/n --> U/euf/b/n on input line 96.
))
("C:\Program Files\MiKTeX 2.8\tex\latex\fancyhdr\fancyhdr.sty"
\fancy@headwidth=\skip46
\f@ncyO@elh=\skip47
\f@ncyO@erh=\skip48
\f@ncyO@olh=\skip49
\f@ncyO@orh=\skip50
\f@ncyO@elf=\skip51
\f@ncyO@erf=\skip52
\f@ncyO@olf=\skip53
\f@ncyO@orf=\skip54
)
("C:\Program Files\MiKTeX 2.8\tex\latex\listings\listings.sty"
\lst@mode=\count102
\lst@gtempboxa=\box29
\lst@token=\toks23
\lst@length=\count103
\lst@currlwidth=\dimen117
\lst@column=\count104
\lst@pos=\count105
\lst@lostspace=\dimen118
\lst@width=\dimen119
\lst@newlines=\count106
\lst@lineno=\count107
\lst@maxwidth=\dimen120

("C:\Program Files\MiKTeX 2.8\tex\latex\listings\lstmisc.sty"
File: lstmisc.sty 2007/02/22 1.4 (Carsten Heinz)
\c@lstnumber=\count108
\lst@skipnumbers=\count109
\lst@framebox=\box30
)
("C:\Program Files\MiKTeX 2.8\tex\latex\listings\listings.cfg"
File: listings.cfg 2007/02/22 1.4 listings configuration
))
Package: listings 2007/02/22 1.4 (Carsten Heinz)

("C:\Program Files\MiKTeX 2.8\tex\latex\listings\lstlang1.sty"
File: lstlang1.sty 2004/09/05 1.3 listings language file
)
(C:\Users\olive\Desktop\DTU\02585_Computational_Geometry_Processing\assignments
\delaunay\doc\lastpage.sty
Package: lastpage 1994/06/25 v0.1b LaTeX2e package for refs to last page number
 (JPG)
))
("C:\Program Files\MiKTeX 2.8\tex\latex\tools\enumerate.sty"
Package: enumerate 1999/03/05 v3.00 enumerate extensions (DPC)
\@enLab=\toks24
)
("C:\Program Files\MiKTeX 2.8\tex\latex\algorithms\algorithmic.sty"
Package: algorithmic 2009/08/24 v0.1 Document Style `algorithmic'

("C:\Program Files\MiKTeX 2.8\tex\latex\base\ifthen.sty"
Package: ifthen 2001/05/26 v1.1c Standard LaTeX ifthen package (DPC)
)
\c@ALC@unique=\count110
\c@ALC@line=\count111
\c@ALC@rem=\count112
\c@ALC@depth=\count113
\ALC@tlm=\skip55
\algorithmicindent=\skip56
)
("C:\Program Files\MiKTeX 2.8\tex\latex\algorithms\algorithm.sty"
Package: algorithm 2009/08/24 v0.1 Document Style `algorithm' - floating enviro
nment

("C:\Program Files\MiKTeX 2.8\tex\latex\float\float.sty"
Package: float 2001/11/08 v1.3d Float enhancements (AL)
\c@float@type=\count114
\float@exts=\toks25
\float@box=\box31
\@float@everytoks=\toks26
\@floatcapt=\box32
)
\@float@every@algorithm=\toks27
\c@algorithm=\count115
)
(C:\Users\olive\Desktop\DTU\02585_Computational_Geometry_Processing\assignments
\delaunay\doc\delaunay.aux)
LaTeX Font Info:    Checking defaults for OML/cmm/m/it on input line 17.
LaTeX Font Info:    ... okay on input line 17.
LaTeX Font Info:    Checking defaults for T1/cmr/m/n on input line 17.
LaTeX Font Info:    ... okay on input line 17.
LaTeX Font Info:    Checking defaults for OT1/cmr/m/n on input line 17.
LaTeX Font Info:    ... okay on input line 17.
LaTeX Font Info:    Checking defaults for OMS/cmsy/m/n on input line 17.
LaTeX Font Info:    ... okay on input line 17.
LaTeX Font Info:    Checking defaults for OMX/cmex/m/n on input line 17.
LaTeX Font Info:    ... okay on input line 17.
LaTeX Font Info:    Checking defaults for U/cmr/m/n on input line 17.
LaTeX Font Info:    ... okay on input line 17.

("C:\Program Files\MiKTeX 2.8\tex\context\base\supp-pdf.tex"
[Loading MPS to PDF converter (version 2006.09.02).]
\scratchcounter=\count116
\scratchdimen=\dimen121
\scratchbox=\box33
\nofMPsegments=\count117
\nofMParguments=\count118
\everyMPshowfont=\toks28
\MPscratchCnt=\count119
\MPscratchDim=\dimen122
\MPnumerator=\count120
\everyMPtoPDFconversion=\toks29
)
\c@lstlisting=\count121

(C:\Users\olive\Desktop\DTU\02585_Computational_Geometry_Processing\assignments
\delaunay\doc\titlepage.tex
LaTeX Font Info:    Try loading font information for U+msa on input line 9.

("C:\Program Files\MiKTeX 2.8\tex\latex\amsfonts\umsa.fd"
File: umsa.fd 2009/06/22 v3.00 AMS symbols A
)
LaTeX Font Info:    Try loading font information for U+msb on input line 9.

("C:\Program Files\MiKTeX 2.8\tex\latex\amsfonts\umsb.fd"
File: umsb.fd 2009/06/22 v3.00 AMS symbols B
)
<../figs/DTU.pdf, id=1, 194.7275pt x 194.7275pt>
File: ../figs/DTU.pdf Graphic file (type pdf)
 <use ../figs/DTU.pdf>
Overfull \hbox (22.41649pt too wide) in paragraph at lines 19--20
 [] 
 []


Underfull \hbox (badness 10000) in paragraph at lines 23--25

 []

[1

{C:/Users/olive/AppData/Local/MiKTeX/2.8/pdftex/config/pdftex.map} <C:/Users/ol
ive/Desktop/DTU/02585_Computational_Geometry_Processing/assignments/delaunay/fi
gs/DTU.pdf>]) [1]
Overfull \hbox (37.66327pt too wide) in paragraph at lines 66--69
\T1/cmr/m/n/10.95 ex-pressed as $\OML/cmm/m/it/10.95 sameSide\OT1/cmr/m/n/10.95
 (\OML/cmm/m/it/10.95 p[]; p[]; p; p[]\OT1/cmr/m/n/10.95 )&\OML/cmm/m/it/10.95 
sameSide\OT1/cmr/m/n/10.95 (\OML/cmm/m/it/10.95 p[]; p[]; p; p[]\OT1/cmr/m/n/10
.95 )&\OML/cmm/m/it/10.95 sameSide\OT1/cmr/m/n/10.95 (\OML/cmm/m/it/10.95 p[]; 
p[]; p; p[]\OT1/cmr/m/n/10.95 )$
 []

<../figs/inc1.pdf, id=19, 180.675pt x 128.48pt>
File: ../figs/inc1.pdf Graphic file (type pdf)
 <use ../figs/inc1.pdf>
<../figs/inc2.pdf, id=20, 269.09935pt x 299.16167pt>
File: ../figs/inc2.pdf Graphic file (type pdf)
 <use ../figs/inc2.pdf>
<../figs/inc3.pdf, id=21, 180.675pt x 166.07645pt>
File: ../figs/inc3.pdf Graphic file (type pdf)
 <use ../figs/inc3.pdf>
<../figs/inc4.pdf, id=22, 180.675pt x 159.68056pt>
File: ../figs/inc4.pdf Graphic file (type pdf)
 <use ../figs/inc4.pdf>
[2 <C:/Users/olive/Desktop/DTU/02585_Computational_Geometry_Processing/assignme
nts/delaunay/figs/inc1.pdf>] [3 <C:/Users/olive/Desktop/DTU/02585_Computational
_Geometry_Processing/assignments/delaunay/figs/inc2.pdf> <C:/Users/olive/Deskto
p/DTU/02585_Computational_Geometry_Processing/assignments/delaunay/figs/inc3.pd
f> <C:/Users/olive/Desktop/DTU/02585_Computational_Geometry_Processing/assignme
nts/delaunay/figs/inc4.pdf>]
<../figs/delaunaySet1.png, id=42, 176.91093pt x 108.405pt>
File: ../figs/delaunaySet1.png Graphic file (type png)

<use ../figs/delaunaySet1.png>
<../figs/delaunaySet1Circles.png, id=43, 378.66469pt x 298.11375pt>
File: ../figs/delaunaySet1Circles.png Graphic file (type png)

<use ../figs/delaunaySet1Circles.png>
Overfull \hbox (18.66376pt too wide) in paragraph at lines 122--124
 [][] 
 []

<../figs/delaunaySet2.png, id=44, 308.65312pt x 300.3722pt>
File: ../figs/delaunaySet2.png Graphic file (type png)

<use ../figs/delaunaySet2.png> [4 <C:/Users/olive/Desktop/DTU/02585_Computation
al_Geometry_Processing/assignments/delaunay/figs/delaunaySet1.png (PNG copy)> <
C:/Users/olive/Desktop/DTU/02585_Computational_Geometry_Processing/assignments/
delaunay/figs/delaunaySet1Circles.png (PNG copy)>] [5 <C:/Users/olive/Desktop/D
TU/02585_Computational_Geometry_Processing/assignments/delaunay/figs/delaunaySe
t2.png (PNG copy)>] AED: lastpage setting LastPage
(C:\Users\olive\Desktop\DTU\02585_Computational_Geometry_Processing\assignments
\delaunay\doc\delaunay.aux) ) 
Here is how much of TeX's memory you used:
 4303 strings out of 495285
 55317 string characters out of 3180395
 145698 words of memory out of 3000000
 7428 multiletter control sequences out of 15000+200000
 14394 words of font info for 44 fonts, out of 3000000 for 9000
 14 hyphenation exceptions out of 8191
 34i,11n,45p,511b,428s stack positions out of 5000i,500n,10000p,200000b,50000s
 <C:\Users\olive\AppData\Local\MiKTeX\2.8\fonts\pk
\ljfour\jknappen\ec\dpi600\ecbx1095.pk> <C:\Users\olive\AppData\Local\MiKTeX\2.
8\fonts\pk\ljfour\jknappen\ec\dpi600\ecrm1095.pk> <C:\Users\olive\AppData\Local
\MiKTeX\2.8\fonts\pk\ljfour\jknappen\ec\dpi600\ecbx1200.pk> <C:\Users\olive\App
Data\Local\MiKTeX\2.8\fonts\pk\ljfour\jknappen\ec\dpi600\ecxc1200.pk> <C:\Users
\olive\AppData\Local\MiKTeX\2.8\fonts\pk\ljfour\jknappen\ec\dpi600\ecbx1440.pk>
<C:/Program Files/MiKTeX 2.8/fonts/type1/public/amsfonts/cm/cmmi10.pfb><C:/Prog
ram Files/MiKTeX 2.8/fonts/type1/public/amsfonts/cm/cmr10.pfb><C:/Program Files
/MiKTeX 2.8/fonts/type1/public/amsfonts/cm/cmr8.pfb><C:/Program Files/MiKTeX 2.
8/fonts/type1/public/amsfonts/cm/cmsy10.pfb>
Output written on delaunay.pdf (6 pages, 138799 bytes).
PDF statistics:
 232 PDF objects out of 1000 (max. 8388607)
 0 named destinations out of 1000 (max. 500000)
 41 words of extra memory for PDF output out of 10000 (max. 10000000)

