This is pdfTeX, Version 3.1415926-1.40.10 (MiKTeX 2.8) (preloaded format=pdflatex 2010.2.7)  22 AUG 2011 11:31
entering extended mode
**curvature.tex
("G:\Master Project\doc\ReportFinal\curvature.tex"
LaTeX2e <2005/12/01>
Babel <v3.8l> and hyphenation patterns for english, dumylang, nohyphenation, ge
rman, ngerman, german-x-2009-06-19, ngerman-x-2009-06-19, french, loaded.
("C:\Program Files\MiKTeX 2.8\tex\latex\base\article.cls"
Document Class: article 2005/09/16 v1.4f Standard LaTeX document class
("C:\Program Files\MiKTeX 2.8\tex\latex\base\size11.clo"
File: size11.clo 2005/09/16 v1.4f Standard LaTeX file (size option)
)
\c@part=\count79
\c@section=\count80
\c@subsection=\count81
\c@subsubsection=\count82
\c@paragraph=\count83
\c@subparagraph=\count84
\c@figure=\count85
\c@table=\count86
\abovecaptionskip=\skip41
\belowcaptionskip=\skip42
\bibindent=\dimen102
)
("G:\Master Project\doc\ReportFinal\default_packages.sty"
("C:\Program Files\MiKTeX 2.8\tex\latex\base\inputenc.sty"
Package: inputenc 2006/05/05 v1.1b Input encoding file
\inpenc@prehook=\toks14
\inpenc@posthook=\toks15

("C:\Program Files\MiKTeX 2.8\tex\latex\base\latin1.def"
File: latin1.def 2006/05/05 v1.1b Input encoding file
))
("C:\Program Files\MiKTeX 2.8\tex\generic\babel\babel.sty"
Package: babel 2008/07/06 v3.8l The Babel package

*************************************
* Local config file bblopts.cfg used
*
("C:\Program Files\MiKTeX 2.8\tex\latex\00miktex\bblopts.cfg"
File: bblopts.cfg 2006/07/31 v1.0 MiKTeX 'babel' configuration
)
("C:\Program Files\MiKTeX 2.8\tex\generic\babel\english.ldf"
Language: english 2005/03/30 v3.3o English support from the babel system

("C:\Program Files\MiKTeX 2.8\tex\generic\babel\babel.def"
File: babel.def 2008/07/06 v3.8l Babel common definitions
\babel@savecnt=\count87
\U@D=\dimen103
)
\l@canadian = a dialect from \language\l@american 
\l@australian = a dialect from \language\l@british 
\l@newzealand = a dialect from \language\l@british 
))
("C:\Program Files\MiKTeX 2.8\tex\latex\base\fontenc.sty"
Package: fontenc 2005/09/27 v1.99g Standard LaTeX package

("C:\Program Files\MiKTeX 2.8\tex\latex\base\t1enc.def"
File: t1enc.def 2005/09/27 v1.99g Standard LaTeX file
LaTeX Font Info:    Redeclaring font encoding T1 on input line 43.
))
("C:\Program Files\MiKTeX 2.8\tex\latex\graphics\graphicx.sty"
Package: graphicx 1999/02/16 v1.0f Enhanced LaTeX Graphics (DPC,SPQR)

("C:\Program Files\MiKTeX 2.8\tex\latex\graphics\keyval.sty"
Package: keyval 1999/03/16 v1.13 key=value parser (DPC)
\KV@toks@=\toks16
)
("C:\Program Files\MiKTeX 2.8\tex\latex\graphics\graphics.sty"
Package: graphics 2006/02/20 v1.0o Standard LaTeX Graphics (DPC,SPQR)

("C:\Program Files\MiKTeX 2.8\tex\latex\graphics\trig.sty"
Package: trig 1999/03/16 v1.09 sin cos tan (DPC)
)
("C:\Program Files\MiKTeX 2.8\tex\latex\00miktex\graphics.cfg"
File: graphics.cfg 2007/01/18 v1.5 graphics configuration of teTeX/TeXLive
)
Package graphics Info: Driver file: pdftex.def on input line 90.

("C:\Program Files\MiKTeX 2.8\tex\latex\pdftex-def\pdftex.def"
File: pdftex.def 2009/08/25 v0.04m Graphics/color for pdfTeX
\Gread@gobject=\count88
))
\Gin@req@height=\dimen104
\Gin@req@width=\dimen105
)
("C:\Program Files\MiKTeX 2.8\tex\latex\placeins\placeins.sty"
Package: placeins 2005/04/18  v 2.2
)
("C:\Program Files\MiKTeX 2.8\tex\latex\wrapfig\wrapfig.sty"
\wrapoverhang=\dimen106
\WF@size=\dimen107
\c@WF@wrappedlines=\count89
\WF@box=\box26
\WF@everypar=\toks17
Package: wrapfig 2003/01/31  v 3.6
)
("C:\Program Files\MiKTeX 2.8\tex\latex\ams\math\amsmath.sty"
Package: amsmath 2000/07/18 v2.13 AMS math features
\@mathmargin=\skip43

For additional information on amsmath, use the `?' option.
("C:\Program Files\MiKTeX 2.8\tex\latex\ams\math\amstext.sty"
Package: amstext 2000/06/29 v2.01

("C:\Program Files\MiKTeX 2.8\tex\latex\ams\math\amsgen.sty"
File: amsgen.sty 1999/11/30 v2.0
\@emptytoks=\toks18
\ex@=\dimen108
))
("C:\Program Files\MiKTeX 2.8\tex\latex\ams\math\amsbsy.sty"
Package: amsbsy 1999/11/29 v1.2d
\pmbraise@=\dimen109
)
("C:\Program Files\MiKTeX 2.8\tex\latex\ams\math\amsopn.sty"
Package: amsopn 1999/12/14 v2.01 operator names
)
\inf@bad=\count90
LaTeX Info: Redefining \frac on input line 211.
\uproot@=\count91
\leftroot@=\count92
LaTeX Info: Redefining \overline on input line 307.
\classnum@=\count93
\DOTSCASE@=\count94
LaTeX Info: Redefining \ldots on input line 379.
LaTeX Info: Redefining \dots on input line 382.
LaTeX Info: Redefining \cdots on input line 467.
\Mathstrutbox@=\box27
\strutbox@=\box28
\big@size=\dimen110
LaTeX Font Info:    Redeclaring font encoding OML on input line 567.
LaTeX Font Info:    Redeclaring font encoding OMS on input line 568.
\macc@depth=\count95
\c@MaxMatrixCols=\count96
\dotsspace@=\muskip10
\c@parentequation=\count97
\dspbrk@lvl=\count98
\tag@help=\toks19
\row@=\count99
\column@=\count100
\maxfields@=\count101
\andhelp@=\toks20
\eqnshift@=\dimen111
\alignsep@=\dimen112
\tagshift@=\dimen113
\tagwidth@=\dimen114
\totwidth@=\dimen115
\lineht@=\dimen116
\@envbody=\toks21
\multlinegap=\skip44
\multlinetaggap=\skip45
\mathdisplay@stack=\toks22
LaTeX Info: Redefining \[ on input line 2666.
LaTeX Info: Redefining \] on input line 2667.
)
("C:\Program Files\MiKTeX 2.8\tex\latex\amsfonts\amssymb.sty"
Package: amssymb 2009/06/22 v3.00

("C:\Program Files\MiKTeX 2.8\tex\latex\amsfonts\amsfonts.sty"
Package: amsfonts 2009/06/22 v3.00 Basic AMSFonts support
\symAMSa=\mathgroup4
\symAMSb=\mathgroup5
LaTeX Font Info:    Overwriting math alphabet `\mathfrak' in version `bold'
(Font)                  U/euf/m/n --> U/euf/b/n on input line 96.
))
("C:\Program Files\MiKTeX 2.8\tex\latex\fancyhdr\fancyhdr.sty"
\fancy@headwidth=\skip46
\f@ncyO@elh=\skip47
\f@ncyO@erh=\skip48
\f@ncyO@olh=\skip49
\f@ncyO@orh=\skip50
\f@ncyO@elf=\skip51
\f@ncyO@erf=\skip52
\f@ncyO@olf=\skip53
\f@ncyO@orf=\skip54
)
("C:\Program Files\MiKTeX 2.8\tex\latex\listings\listings.sty"
\lst@mode=\count102
\lst@gtempboxa=\box29
\lst@token=\toks23
\lst@length=\count103
\lst@currlwidth=\dimen117
\lst@column=\count104
\lst@pos=\count105
\lst@lostspace=\dimen118
\lst@width=\dimen119
\lst@newlines=\count106
\lst@lineno=\count107
\lst@maxwidth=\dimen120

("C:\Program Files\MiKTeX 2.8\tex\latex\listings\lstmisc.sty"
File: lstmisc.sty 2007/02/22 1.4 (Carsten Heinz)
\c@lstnumber=\count108
\lst@skipnumbers=\count109
\lst@framebox=\box30
)
("C:\Program Files\MiKTeX 2.8\tex\latex\listings\listings.cfg"
File: listings.cfg 2007/02/22 1.4 listings configuration
))
Package: listings 2007/02/22 1.4 (Carsten Heinz)

("C:\Program Files\MiKTeX 2.8\tex\latex\listings\lstlang1.sty"
File: lstlang1.sty 2004/09/05 1.3 listings language file
)
("G:\Master Project\doc\ReportFinal\lastpage.sty"
Package: lastpage 1994/06/25 v0.1b LaTeX2e package for refs to last page number
 (JPG)
)
("C:\Program Files\MiKTeX 2.8\tex\latex\tools\enumerate.sty"
Package: enumerate 1999/03/05 v3.00 enumerate extensions (DPC)
\@enLab=\toks24
)
("C:\Program Files\MiKTeX 2.8\tex\latex\algorithms\algorithmic.sty"
Package: algorithmic 2009/08/24 v0.1 Document Style `algorithmic'

("C:\Program Files\MiKTeX 2.8\tex\latex\base\ifthen.sty"
Package: ifthen 2001/05/26 v1.1c Standard LaTeX ifthen package (DPC)
)
\c@ALC@unique=\count110
\c@ALC@line=\count111
\c@ALC@rem=\count112
\c@ALC@depth=\count113
\ALC@tlm=\skip55
\algorithmicindent=\skip56
)
("C:\Program Files\MiKTeX 2.8\tex\latex\algorithms\algorithm.sty"
Package: algorithm 2009/08/24 v0.1 Document Style `algorithm' - floating enviro
nment

("C:\Program Files\MiKTeX 2.8\tex\latex\float\float.sty"
Package: float 2001/11/08 v1.3d Float enhancements (AL)
\c@float@type=\count114
\float@exts=\toks25
\float@box=\box31
\@float@everytoks=\toks26
\@floatcapt=\box32
)
\@float@every@algorithm=\toks27
\c@algorithm=\count115
))
(C:\Users\olive\AppData\Roaming\MiKTeX\2.8\tex\latex\pdfpages\pdfpages.sty
Package: pdfpages 2009/10/31 v0.4i Insert pages of external PDF documents (AM)

("C:\Program Files\MiKTeX 2.8\tex\latex\tools\calc.sty"
Package: calc 2005/08/06 v4.2 Infix arithmetic (KKT,FJ)
\calc@Acount=\count116
\calc@Bcount=\count117
\calc@Adimen=\dimen121
\calc@Bdimen=\dimen122
\calc@Askip=\skip57
\calc@Bskip=\skip58
LaTeX Info: Redefining \setlength on input line 75.
LaTeX Info: Redefining \addtolength on input line 76.
\calc@Ccount=\count118
\calc@Cskip=\skip59
)
(C:\Users\olive\AppData\Roaming\MiKTeX\2.8\tex\latex\eso-pic\eso-pic.sty
Package: eso-pic 2009/10/07 v2.0a eso-pic (RN)

("C:\Program Files\MiKTeX 2.8\tex\generic\oberdiek\atbegshi.sty"
Package: atbegshi 2008/07/31 v1.9 At begin shipout hook (HO)

("C:\Program Files\MiKTeX 2.8\tex\generic\oberdiek\infwarerr.sty"
Package: infwarerr 2007/09/09 v1.2 Providing info/warning/message (HO)
)
("C:\Program Files\MiKTeX 2.8\tex\generic\oberdiek\ifpdf.sty"
Package: ifpdf 2009/04/10 v2.0 Provides the ifpdf switch (HO)
Package ifpdf Info: pdfTeX in pdf mode detected.
))
(C:\Users\olive\AppData\Roaming\MiKTeX\2.8\tex\latex\xcolor\xcolor.sty
Package: xcolor 2007/01/21 v2.11 LaTeX color extensions (UK)

("C:\Program Files\MiKTeX 2.8\tex\latex\00miktex\color.cfg"
File: color.cfg 2007/01/18 v1.5 color configuration of teTeX/TeXLive
)
Package xcolor Info: Driver file: pdftex.def on input line 225.
Package xcolor Info: Model `cmy' substituted by `cmy0' on input line 1337.
Package xcolor Info: Model `hsb' substituted by `rgb' on input line 1341.
Package xcolor Info: Model `RGB' extended on input line 1353.
Package xcolor Info: Model `HTML' substituted by `rgb' on input line 1355.
Package xcolor Info: Model `Hsb' substituted by `hsb' on input line 1356.
Package xcolor Info: Model `tHsb' substituted by `hsb' on input line 1357.
Package xcolor Info: Model `HSB' substituted by `hsb' on input line 1358.
Package xcolor Info: Model `Gray' substituted by `gray' on input line 1359.
Package xcolor Info: Model `wave' substituted by `hsb' on input line 1360.
))
(C:\Users\olive\AppData\Roaming\MiKTeX\2.8\tex\latex\pdfpages\pppdftex.def
File: pppdftex.def 2009/10/31 v0.4i Pdfpages driver for pdfTeX (AM)
)
\AM@pagebox=\box33
\AM@toc@title=\toks28
\c@AM@survey=\count119
\AM@templatesizebox=\box34
)
("G:\Master Project\doc\ReportFinal\prog2tex.sty"
Package: prog2tex 2000/04/20 Include C++ files in LaTeX2e

("G:\Master Project\doc\ReportFinal\curvature.prg")
("C:\Program Files\MiKTeX 2.8\tex\latex\psnfss\times.sty"
Package: times 2005/04/12 PSNFSS-v9.2a (SPQR) 
))
("G:\Master Project\doc\ReportFinal\curvature.aux")
LaTeX Font Info:    Checking defaults for OML/cmm/m/it on input line 11.
LaTeX Font Info:    ... okay on input line 11.
LaTeX Font Info:    Checking defaults for T1/cmr/m/n on input line 11.
LaTeX Font Info:    ... okay on input line 11.
LaTeX Font Info:    Checking defaults for OT1/cmr/m/n on input line 11.
LaTeX Font Info:    ... okay on input line 11.
LaTeX Font Info:    Checking defaults for OMS/cmsy/m/n on input line 11.
LaTeX Font Info:    ... okay on input line 11.
LaTeX Font Info:    Checking defaults for OMX/cmex/m/n on input line 11.
LaTeX Font Info:    ... okay on input line 11.
LaTeX Font Info:    Checking defaults for U/cmr/m/n on input line 11.
LaTeX Font Info:    ... okay on input line 11.
LaTeX Font Info:    Try loading font information for T1+ptm on input line 11.

("C:\Program Files\MiKTeX 2.8\tex\latex\psnfss\t1ptm.fd"
File: t1ptm.fd 2001/06/04 font definitions for T1/ptm.
)
("C:\Program Files\MiKTeX 2.8\tex\context\base\supp-pdf.tex"
[Loading MPS to PDF converter (version 2006.09.02).]
\scratchcounter=\count120
\scratchdimen=\dimen123
\scratchbox=\box35
\nofMPsegments=\count121
\nofMParguments=\count122
\everyMPshowfont=\toks29
\MPscratchCnt=\count123
\MPscratchDim=\dimen124
\MPnumerator=\count124
\everyMPtoPDFconversion=\toks30
)
\c@lstlisting=\count125
\AtBeginShipoutBox=\box36
 ("G:\Master Project\doc\ReportFinal\titlepage.tex"
<../../figs/DTU.pdf, id=1, 194.7275pt x 194.7275pt>
File: ../../figs/DTU.pdf Graphic file (type pdf)
 <use ../../figs/DTU.pdf>
Overfull \hbox (22.41649pt too wide) in paragraph at lines 19--20
 [] 
 []


Underfull \hbox (badness 10000) in paragraph at lines 23--29

 []

[1

{C:/Users/olive/AppData/Local/MiKTeX/2.8/pdftex/config/pdftex.map} <G:/Master P
roject/figs/DTU.pdf>])
LaTeX Font Info:    Font shape `T1/ptm/bx/n' in size <14.4> not available
(Font)              Font shape `T1/ptm/b/n' tried instead on input line 15.
 [1] [2]
<../Paper/template.pdf, id=18, page=1, 614.295pt x 794.97pt>
File: ../Paper/template.pdf Graphic file (type pdf)

<use ../Paper/template.pdf, page 1>
File: ../Paper/template.pdf Graphic file (type pdf)
 <use ../Paper/template.pdf, page 1>
File: ../Paper/template.pdf Graphic file (type pdf)

<use ../Paper/template.pdf, page 1>
File: ../Paper/template.pdf Graphic file (type pdf)
 <use ../Paper/template.pdf, page 1>
File: ../Paper/template.pdf Graphic file (type pdf)

<use ../Paper/template.pdf, page 1> [3 <G:/Master Project/doc/Paper/template.pd
f>] <../Paper/template.pdf, id=55, page=2, 614.295pt x 794.97pt>
File: ../Paper/template.pdf Graphic file (type pdf)

<use ../Paper/template.pdf, page 2>
File: ../Paper/template.pdf Graphic file (type pdf)
 <use ../Paper/template.pdf, page 2>
File: ../Paper/template.pdf Graphic file (type pdf)

<use ../Paper/template.pdf, page 2> [4 <G:/Master Project/doc/Paper/template.pd
f>] <../Paper/template.pdf, id=99, page=3, 614.295pt x 794.97pt>
File: ../Paper/template.pdf Graphic file (type pdf)

<use ../Paper/template.pdf, page 3>
File: ../Paper/template.pdf Graphic file (type pdf)
 <use ../Paper/template.pdf, page 3>
File: ../Paper/template.pdf Graphic file (type pdf)

<use ../Paper/template.pdf, page 3> [5 <G:/Master Project/doc/Paper/template.pd
f>] <../Paper/template.pdf, id=105, page=4, 614.295pt x 794.97pt>
File: ../Paper/template.pdf Graphic file (type pdf)

<use ../Paper/template.pdf, page 4>
File: ../Paper/template.pdf Graphic file (type pdf)
 <use ../Paper/template.pdf, page 4>
File: ../Paper/template.pdf Graphic file (type pdf)

<use ../Paper/template.pdf, page 4> [6 <G:/Master Project/doc/Paper/template.pd
f>] <../Paper/template.pdf, id=135, page=5, 614.295pt x 794.97pt>
File: ../Paper/template.pdf Graphic file (type pdf)

<use ../Paper/template.pdf, page 5>
File: ../Paper/template.pdf Graphic file (type pdf)
 <use ../Paper/template.pdf, page 5>
File: ../Paper/template.pdf Graphic file (type pdf)

<use ../Paper/template.pdf, page 5> [7 <G:/Master Project/doc/Paper/template.pd
f>] <../Paper/template.pdf, id=151, page=6, 614.295pt x 794.97pt>
File: ../Paper/template.pdf Graphic file (type pdf)

<use ../Paper/template.pdf, page 6>
File: ../Paper/template.pdf Graphic file (type pdf)
 <use ../Paper/template.pdf, page 6>
File: ../Paper/template.pdf Graphic file (type pdf)

<use ../Paper/template.pdf, page 6> [8 <G:/Master Project/doc/Paper/template.pd
f>] <../Paper/template.pdf, id=159, page=7, 614.295pt x 794.97pt>
File: ../Paper/template.pdf Graphic file (type pdf)

<use ../Paper/template.pdf, page 7>
File: ../Paper/template.pdf Graphic file (type pdf)
 <use ../Paper/template.pdf, page 7>
File: ../Paper/template.pdf Graphic file (type pdf)

<use ../Paper/template.pdf, page 7> [9 <G:/Master Project/doc/Paper/template.pd
f>] <../Paper/template.pdf, id=168, page=8, 614.295pt x 794.97pt>
File: ../Paper/template.pdf Graphic file (type pdf)

<use ../Paper/template.pdf, page 8>
File: ../Paper/template.pdf Graphic file (type pdf)
 <use ../Paper/template.pdf, page 8>
File: ../Paper/template.pdf Graphic file (type pdf)

<use ../Paper/template.pdf, page 8> [10 <G:/Master Project/doc/Paper/template.p
df>]
Overfull \hbox (8.43498pt too wide) in paragraph at lines 33--33
[]\T1/ptm/b/n/14.4 Towards a bet-ter scal-a-bil-ity of the ray-tracing al-go-ri
thm. 
 []

LaTeX Font Info:    Font shape `T1/ptm/bx/n' in size <12> not available
(Font)              Font shape `T1/ptm/b/n' tried instead on input line 41.
LaTeX Font Info:    Font shape `T1/ptm/bx/n' in size <10.95> not available
(Font)              Font shape `T1/ptm/b/n' tried instead on input line 43.
LaTeX Font Info:    Try loading font information for U+msa on input line 59.
("C:\Program Files\MiKTeX 2.8\tex\latex\amsfonts\umsa.fd"
File: umsa.fd 2009/06/22 v3.00 AMS symbols A
)
LaTeX Font Info:    Try loading font information for U+msb on input line 59.

("C:\Program Files\MiKTeX 2.8\tex\latex\amsfonts\umsb.fd"
File: umsb.fd 2009/06/22 v3.00 AMS symbols B
) [11]
("G:\Master Project\doc\ReportFinal\curvature.bbl")
LaTeX Font Info:    Try loading font information for T1+pcr on input line 134.

("C:\Program Files\MiKTeX 2.8\tex\latex\psnfss\t1pcr.fd"
File: t1pcr.fd 2001/06/04 font definitions for T1/pcr.
)
LaTeX Font Info:    Font shape `T1/pcr/bx/n' in size <9> not available
(Font)              Font shape `T1/pcr/b/n' tried instead on input line 134.

Overfull \hbox (38.07756pt too wide) in paragraph at lines 134--134
[][][][][][][][][][]\T1/pcr/m/n/9 // \T1/ptm/m/n/9 This[]test[]loads[]the[]prim
itives[]if[]the[]node[]and[]tries[]to[]find[]a[]point[]inside[]the[]surface.[]
 []


Underfull \hbox (badness 10000) in paragraph at lines 134--134

 []


Overfull \hbox (64.80176pt too wide) in paragraph at lines 134--134
[][][][][][][][][][]\T1/pcr/b/n/9 if\T1/pcr/m/n/9 (rayIntersectsSurfaceInNode(o
rigine,[]dir,[]node))[]\T1/pcr/b/n/9 return[]\T1/pcr/m/n/9 node;[]
 []


Underfull \hbox (badness 10000) in paragraph at lines 134--134

 []


Overfull \hbox (151.20166pt too wide) in paragraph at lines 134--134
[][][][][][][][][][]\T1/pcr/b/n/9 bool[]\T1/pcr/m/n/9 c1Intersects[]=[]RayIntes
tectsAABB(origine,[]dir,[]bottomC.xyz,[]topC.xyz,[]d1);[]
 []


Underfull \hbox (badness 10000) in paragraph at lines 134--134

 []


Overfull \hbox (151.20166pt too wide) in paragraph at lines 134--134
[][][][][][][][][][]\T1/pcr/b/n/9 bool[]\T1/pcr/m/n/9 c2Intersects[]=[]RayIntes
tectsAABB(origine,[]dir,[]bottomC.xyz,[]topC.xyz,[]d2);[]
 []


Underfull \hbox (badness 10000) in paragraph at lines 134--134

 []


LaTeX Warning: Float too large for page by 76.30478pt on input line 137.

AED: lastpage setting LastPage [12] [13]
("G:\Master Project\doc\ReportFinal\curvature.aux") ) 
Here is how much of TeX's memory you used:
 5612 strings out of 495285
 73412 string characters out of 3180395
 157137 words of memory out of 3000000
 8685 multiletter control sequences out of 15000+200000
 36376 words of font info for 57 fonts, out of 3000000 for 9000
 14 hyphenation exceptions out of 8191
 37i,18n,45p,753b,417s stack positions out of 5000i,500n,10000p,200000b,50000s
{C:/Program Files/MiKTeX 2
.8/fonts/enc/dvips/fontname/8r.enc}<C:/Program Files/MiKTeX 2.8/fonts/type1/pub
lic/amsfonts/cmextra/cmex9.pfb><C:/Program Files/MiKTeX 2.8/fonts/type1/public/
amsfonts/cm/cmmi10.pfb><C:/Program Files/MiKTeX 2.8/fonts/type1/public/amsfonts
/cm/cmmi5.pfb><C:/Program Files/MiKTeX 2.8/fonts/type1/public/amsfonts/cm/cmmi6
.pfb><C:/Program Files/MiKTeX 2.8/fonts/type1/public/amsfonts/cm/cmmi8.pfb><C:/
Program Files/MiKTeX 2.8/fonts/type1/public/amsfonts/cm/cmmi9.pfb><C:/Program F
iles/MiKTeX 2.8/fonts/type1/public/amsfonts/cm/cmr10.pfb><C:/Program Files/MiKT
eX 2.8/fonts/type1/public/amsfonts/cm/cmr5.pfb><C:/Program Files/MiKTeX 2.8/fon
ts/type1/public/amsfonts/cm/cmr6.pfb><C:/Program Files/MiKTeX 2.8/fonts/type1/p
ublic/amsfonts/cm/cmr9.pfb><C:/Program Files/MiKTeX 2.8/fonts/type1/public/amsf
onts/cm/cmsy6.pfb><C:/Program Files/MiKTeX 2.8/fonts/type1/public/amsfonts/cm/c
msy7.pfb><C:/Program Files/MiKTeX 2.8/fonts/type1/public/amsfonts/cm/cmsy8.pfb>
<C:/Program Files/MiKTeX 2.8/fonts/type1/public/amsfonts/cm/cmsy9.pfb><C:/Progr
am Files/MiKTeX 2.8/fonts/type1/urw/courier/ucrb8a.pfb><C:/Program Files/MiKTeX
 2.8/fonts/type1/urw/courier/ucrr8a.pfb><C:/Program Files/MiKTeX 2.8/fonts/type
1/urw/helvetic/uhvb8a.pfb><C:/Program Files/MiKTeX 2.8/fonts/type1/urw/times/ut
mb8a.pfb><C:/Program Files/MiKTeX 2.8/fonts/type1/urw/times/utmr8a.pfb><C:/Prog
ram Files/MiKTeX 2.8/fonts/type1/urw/times/utmri8a.pfb>
Output written on curvature.pdf (14 pages, 1739406 bytes).
PDF statistics:
 219 PDF objects out of 1000 (max. 8388607)
 0 named destinations out of 1000 (max. 500000)
 56 words of extra memory for PDF output out of 10000 (max. 10000000)

